2026-06-08 15:10:15,206 [INFO] __main__ - 🧪 Webhook 테스트 중...
2026-06-08 15:10:15,985 [INFO] __main__ - ✅ Webhook 테스트 성공!
2026-06-08 15:10:17,066 [INFO] __main__ - === 나라장터 모니터링 시작: 2026-06-08 15:10 ===
2026-06-08 15:10:17,066 [INFO] __main__ - 📡 나라장터 크롤링 시작...
2026-06-08 15:10:19,797 [INFO] crawler - 나라장터 접속 중...
2026-06-08 15:10:26,220 [INFO] crawler - 팝업 닫기 완료
2026-06-08 15:10:46,738 [WARNING] crawler - 메뉴 클릭 실패, JavaScript 직접 호출 시도
2026-06-08 15:10:51,756 [INFO] crawler - 키워드 검색: VR
2026-06-08 15:11:07,167 [ERROR] crawler - [VR] 검색 오류: Message: 
Stacktrace:
	chromedriver!GetHandleVerifier [0x7ff628287de5+14895]
	chromedriver!GetHandleVerifier [0x7ff628287e50+14900]
	chromedriver!(No symbol) [0x7ff627fed5ad]
	chromedriver!(No symbol) [0x7ff628047822]
	chromedriver!(No symbol) [0x7ff628047b2c]
	chromedriver!(No symbol) [0x7ff628097d17]
	chromedriver!(No symbol) [0x7ff62809486f]
	chromedriver!(No symbol) [0x7ff628039df8]
	chromedriver!(No symbol) [0x7ff62803ace3]
	chromedriver!GetHandleVerifier [0x7ff62859cc49+3296f9]
	chromedriver!GetHandleVerifier [0x7ff628597375+323e25]
	chromedriver!GetHandleVerifier [0x7ff6285bbc82+348732]
	chromedriver!GetHandleVerifier [0x7ff6282a6045+32af5]
	chromedriver!GetHandleVerifier [0x7ff6282aecec+3b79c]
	chromedriver!GetHandleVerifier [0x7ff628291bc4+1e674]
	chromedriver!GetHandleVerifier [0x7ff628291d54+1e804]
	chromedriver!GetHandleVerifier [0x7ff6282760e7+2b97]
	KERNEL32!BaseThreadInitThunk [0x7ffa180de957+17]
	ntdll!RtlUserThreadStart [0x7ffa1920427c+2c]

2026-06-08 15:11:08,174 [INFO] crawler - 키워드 검색: XR
2026-06-08 15:11:23,606 [ERROR] crawler - [XR] 검색 오류: Message: 
Stacktrace:
	chromedriver!GetHandleVerifier [0x7ff628287de5+14895]
	chromedriver!GetHandleVerifier [0x7ff628287e50+14900]
	chromedriver!(No symbol) [0x7ff627fed5ad]
	chromedriver!(No symbol) [0x7ff628047822]
	chromedriver!(No symbol) [0x7ff628047b2c]
	chromedriver!(No symbol) [0x7ff628097d17]
	chromedriver!(No symbol) [0x7ff62809486f]
	chromedriver!(No symbol) [0x7ff628039df8]
	chromedriver!(No symbol) [0x7ff62803ace3]
	chromedriver!GetHandleVerifier [0x7ff62859cc49+3296f9]
	chromedriver!GetHandleVerifier [0x7ff628597375+323e25]
	chromedriver!GetHandleVerifier [0x7ff6285bbc82+348732]
	chromedriver!GetHandleVerifier [0x7ff6282a6045+32af5]
	chromedriver!GetHandleVerifier [0x7ff6282aecec+3b79c]
	chromedriver!GetHandleVerifier [0x7ff628291bc4+1e674]
	chromedriver!GetHandleVerifier [0x7ff628291d54+1e804]
	chromedriver!GetHandleVerifier [0x7ff6282760e7+2b97]
	KERNEL32!BaseThreadInitThunk [0x7ffa180de957+17]
	ntdll!RtlUserThreadStart [0x7ffa1920427c+2c]

2026-06-08 15:11:24,609 [INFO] crawler - 키워드 검색: AR
2026-06-08 15:11:40,122 [ERROR] crawler - [AR] 검색 오류: Message: 
Stacktrace:
	chromedriver!GetHandleVerifier [0x7ff628287de5+14895]
	chromedriver!GetHandleVerifier [0x7ff628287e50+14900]
	chromedriver!(No symbol) [0x7ff627fed5ad]
	chromedriver!(No symbol) [0x7ff628047822]
	chromedriver!(No symbol) [0x7ff628047b2c]
	chromedriver!(No symbol) [0x7ff628097d17]
	chromedriver!(No symbol) [0x7ff62809486f]
	chromedriver!(No symbol) [0x7ff628039df8]
	chromedriver!(No symbol) [0x7ff62803ace3]
	chromedriver!GetHandleVerifier [0x7ff62859cc49+3296f9]
	chromedriver!GetHandleVerifier [0x7ff628597375+323e25]
	chromedriver!GetHandleVerifier [0x7ff6285bbc82+348732]
	chromedriver!GetHandleVerifier [0x7ff6282a6045+32af5]
	chromedriver!GetHandleVerifier [0x7ff6282aecec+3b79c]
	chromedriver!GetHandleVerifier [0x7ff628291bc4+1e674]
	chromedriver!GetHandleVerifier [0x7ff628291d54+1e804]
	chromedriver!GetHandleVerifier [0x7ff6282760e7+2b97]
	KERNEL32!BaseThreadInitThunk [0x7ffa180de957+17]
	ntdll!RtlUserThreadStart [0x7ffa1920427c+2c]

2026-06-08 15:11:41,128 [INFO] crawler - 키워드 검색: 실감형
2026-06-08 15:11:56,268 [ERROR] crawler - [실감형] 검색 오류: Message: 
Stacktrace:
	chromedriver!GetHandleVerifier [0x7ff628287de5+14895]
	chromedriver!GetHandleVerifier [0x7ff628287e50+14900]
	chromedriver!(No symbol) [0x7ff627fed5ad]
	chromedriver!(No symbol) [0x7ff628047822]
	chromedriver!(No symbol) [0x7ff628047b2c]
	chromedriver!(No symbol) [0x7ff628097d17]
	chromedriver!(No symbol) [0x7ff62809486f]
	chromedriver!(No symbol) [0x7ff628039df8]
	chromedriver!(No symbol) [0x7ff62803ace3]
	chromedriver!GetHandleVerifier [0x7ff62859cc49+3296f9]
	chromedriver!GetHandleVerifier [0x7ff628597375+323e25]
	chromedriver!GetHandleVerifier [0x7ff6285bbc82+348732]
	chromedriver!GetHandleVerifier [0x7ff6282a6045+32af5]
	chromedriver!GetHandleVerifier [0x7ff6282aecec+3b79c]
	chromedriver!GetHandleVerifier [0x7ff628291bc4+1e674]
	chromedriver!GetHandleVerifier [0x7ff628291d54+1e804]
	chromedriver!GetHandleVerifier [0x7ff6282760e7+2b97]
	KERNEL32!BaseThreadInitThunk [0x7ffa180de957+17]
	ntdll!RtlUserThreadStart [0x7ffa1920427c+2c]

2026-06-08 15:11:57,270 [INFO] crawler - 키워드 검색: 메타버스
2026-06-08 15:12:12,796 [ERROR] crawler - [메타버스] 검색 오류: Message: 
Stacktrace:
	chromedriver!GetHandleVerifier [0x7ff628287de5+14895]
	chromedriver!GetHandleVerifier [0x7ff628287e50+14900]
	chromedriver!(No symbol) [0x7ff627fed5ad]
	chromedriver!(No symbol) [0x7ff628047822]
	chromedriver!(No symbol) [0x7ff628047b2c]
	chromedriver!(No symbol) [0x7ff628097d17]
	chromedriver!(No symbol) [0x7ff62809486f]
	chromedriver!(No symbol) [0x7ff628039df8]
	chromedriver!(No symbol) [0x7ff62803ace3]
	chromedriver!GetHandleVerifier [0x7ff62859cc49+3296f9]
	chromedriver!GetHandleVerifier [0x7ff628597375+323e25]
	chromedriver!GetHandleVerifier [0x7ff6285bbc82+348732]
	chromedriver!GetHandleVerifier [0x7ff6282a6045+32af5]
	chromedriver!GetHandleVerifier [0x7ff6282aecec+3b79c]
	chromedriver!GetHandleVerifier [0x7ff628291bc4+1e674]
	chromedriver!GetHandleVerifier [0x7ff628291d54+1e804]
	chromedriver!GetHandleVerifier [0x7ff6282760e7+2b97]
	KERNEL32!BaseThreadInitThunk [0x7ffa180de957+17]
	ntdll!RtlUserThreadStart [0x7ffa1920427c+2c]

2026-06-08 15:12:13,807 [INFO] crawler - 키워드 검색: 확장현실
2026-06-08 15:12:28,928 [ERROR] crawler - [확장현실] 검색 오류: Message: 
Stacktrace:
	chromedriver!GetHandleVerifier [0x7ff628287de5+14895]
	chromedriver!GetHandleVerifier [0x7ff628287e50+14900]
	chromedriver!(No symbol) [0x7ff627fed5ad]
	chromedriver!(No symbol) [0x7ff628047822]
	chromedriver!(No symbol) [0x7ff628047b2c]
	chromedriver!(No symbol) [0x7ff628097d17]
	chromedriver!(No symbol) [0x7ff62809486f]
	chromedriver!(No symbol) [0x7ff628039df8]
	chromedriver!(No symbol) [0x7ff62803ace3]
	chromedriver!GetHandleVerifier [0x7ff62859cc49+3296f9]
	chromedriver!GetHandleVerifier [0x7ff628597375+323e25]
	chromedriver!GetHandleVerifier [0x7ff6285bbc82+348732]
	chromedriver!GetHandleVerifier [0x7ff6282a6045+32af5]
	chromedriver!GetHandleVerifier [0x7ff6282aecec+3b79c]
	chromedriver!GetHandleVerifier [0x7ff628291bc4+1e674]
	chromedriver!GetHandleVerifier [0x7ff628291d54+1e804]
	chromedriver!GetHandleVerifier [0x7ff6282760e7+2b97]
	KERNEL32!BaseThreadInitThunk [0x7ffa180de957+17]
	ntdll!RtlUserThreadStart [0x7ffa1920427c+2c]

2026-06-08 15:12:29,940 [INFO] crawler - 키워드 검색: 가상현실
2026-06-08 15:12:45,064 [ERROR] crawler - [가상현실] 검색 오류: Message: 
Stacktrace:
	chromedriver!GetHandleVerifier [0x7ff628287de5+14895]
	chromedriver!GetHandleVerifier [0x7ff628287e50+14900]
	chromedriver!(No symbol) [0x7ff627fed5ad]
	chromedriver!(No symbol) [0x7ff628047822]
	chromedriver!(No symbol) [0x7ff628047b2c]
	chromedriver!(No symbol) [0x7ff628097d17]
	chromedriver!(No symbol) [0x7ff62809486f]
	chromedriver!(No symbol) [0x7ff628039df8]
	chromedriver!(No symbol) [0x7ff62803ace3]
	chromedriver!GetHandleVerifier [0x7ff62859cc49+3296f9]
	chromedriver!GetHandleVerifier [0x7ff628597375+323e25]
	chromedriver!GetHandleVerifier [0x7ff6285bbc82+348732]
	chromedriver!GetHandleVerifier [0x7ff6282a6045+32af5]
	chromedriver!GetHandleVerifier [0x7ff6282aecec+3b79c]
	chromedriver!GetHandleVerifier [0x7ff628291bc4+1e674]
	chromedriver!GetHandleVerifier [0x7ff628291d54+1e804]
	chromedriver!GetHandleVerifier [0x7ff6282760e7+2b97]
	KERNEL32!BaseThreadInitThunk [0x7ffa180de957+17]
	ntdll!RtlUserThreadStart [0x7ffa1920427c+2c]

2026-06-08 15:12:46,066 [INFO] crawler - 키워드 검색: 혼합현실
2026-06-08 15:13:01,573 [ERROR] crawler - [혼합현실] 검색 오류: Message: 
Stacktrace:
	chromedriver!GetHandleVerifier [0x7ff628287de5+14895]
	chromedriver!GetHandleVerifier [0x7ff628287e50+14900]
	chromedriver!(No symbol) [0x7ff627fed5ad]
	chromedriver!(No symbol) [0x7ff628047822]
	chromedriver!(No symbol) [0x7ff628047b2c]
	chromedriver!(No symbol) [0x7ff628097d17]
	chromedriver!(No symbol) [0x7ff62809486f]
	chromedriver!(No symbol) [0x7ff628039df8]
	chromedriver!(No symbol) [0x7ff62803ace3]
	chromedriver!GetHandleVerifier [0x7ff62859cc49+3296f9]
	chromedriver!GetHandleVerifier [0x7ff628597375+323e25]
	chromedriver!GetHandleVerifier [0x7ff6285bbc82+348732]
	chromedriver!GetHandleVerifier [0x7ff6282a6045+32af5]
	chromedriver!GetHandleVerifier [0x7ff6282aecec+3b79c]
	chromedriver!GetHandleVerifier [0x7ff628291bc4+1e674]
	chromedriver!GetHandleVerifier [0x7ff628291d54+1e804]
	chromedriver!GetHandleVerifier [0x7ff6282760e7+2b97]
	KERNEL32!BaseThreadInitThunk [0x7ffa180de957+17]
	ntdll!RtlUserThreadStart [0x7ffa1920427c+2c]

2026-06-08 15:13:02,589 [INFO] crawler - 키워드 검색: 디지털트윈
2026-06-08 15:13:17,956 [ERROR] crawler - [디지털트윈] 검색 오류: Message: 
Stacktrace:
	chromedriver!GetHandleVerifier [0x7ff628287de5+14895]
	chromedriver!GetHandleVerifier [0x7ff628287e50+14900]
	chromedriver!(No symbol) [0x7ff627fed5ad]
	chromedriver!(No symbol) [0x7ff628047822]
	chromedriver!(No symbol) [0x7ff628047b2c]
	chromedriver!(No symbol) [0x7ff628097d17]
	chromedriver!(No symbol) [0x7ff62809486f]
	chromedriver!(No symbol) [0x7ff628039df8]
	chromedriver!(No symbol) [0x7ff62803ace3]
	chromedriver!GetHandleVerifier [0x7ff62859cc49+3296f9]
	chromedriver!GetHandleVerifier [0x7ff628597375+323e25]
	chromedriver!GetHandleVerifier [0x7ff6285bbc82+348732]
	chromedriver!GetHandleVerifier [0x7ff6282a6045+32af5]
	chromedriver!GetHandleVerifier [0x7ff6282aecec+3b79c]
	chromedriver!GetHandleVerifier [0x7ff628291bc4+1e674]
	chromedriver!GetHandleVerifier [0x7ff628291d54+1e804]
	chromedriver!GetHandleVerifier [0x7ff6282760e7+2b97]
	KERNEL32!BaseThreadInitThunk [0x7ffa180de957+17]
	ntdll!RtlUserThreadStart [0x7ffa1920427c+2c]

2026-06-08 15:13:18,957 [INFO] crawler - 키워드 검색: 실감미디어
2026-06-08 15:13:34,436 [ERROR] crawler - [실감미디어] 검색 오류: Message: 
Stacktrace:
	chromedriver!GetHandleVerifier [0x7ff628287de5+14895]
	chromedriver!GetHandleVerifier [0x7ff628287e50+14900]
	chromedriver!(No symbol) [0x7ff627fed5ad]
	chromedriver!(No symbol) [0x7ff628047822]
	chromedriver!(No symbol) [0x7ff628047b2c]
	chromedriver!(No symbol) [0x7ff628097d17]
	chromedriver!(No symbol) [0x7ff62809486f]
	chromedriver!(No symbol) [0x7ff628039df8]
	chromedriver!(No symbol) [0x7ff62803ace3]
	chromedriver!GetHandleVerifier [0x7ff62859cc49+3296f9]
	chromedriver!GetHandleVerifier [0x7ff628597375+323e25]
	chromedriver!GetHandleVerifier [0x7ff6285bbc82+348732]
	chromedriver!GetHandleVerifier [0x7ff6282a6045+32af5]
	chromedriver!GetHandleVerifier [0x7ff6282aecec+3b79c]
	chromedriver!GetHandleVerifier [0x7ff628291bc4+1e674]
	chromedriver!GetHandleVerifier [0x7ff628291d54+1e804]
	chromedriver!GetHandleVerifier [0x7ff6282760e7+2b97]
	KERNEL32!BaseThreadInitThunk [0x7ffa180de957+17]
	ntdll!RtlUserThreadStart [0x7ffa1920427c+2c]

2026-06-08 15:13:35,438 [INFO] crawler - 키워드 검색: 몰입형
2026-06-08 15:13:50,734 [ERROR] crawler - [몰입형] 검색 오류: Message: 
Stacktrace:
	chromedriver!GetHandleVerifier [0x7ff628287de5+14895]
	chromedriver!GetHandleVerifier [0x7ff628287e50+14900]
	chromedriver!(No symbol) [0x7ff627fed5ad]
	chromedriver!(No symbol) [0x7ff628047822]
	chromedriver!(No symbol) [0x7ff628047b2c]
	chromedriver!(No symbol) [0x7ff628097d17]
	chromedriver!(No symbol) [0x7ff62809486f]
	chromedriver!(No symbol) [0x7ff628039df8]
	chromedriver!(No symbol) [0x7ff62803ace3]
	chromedriver!GetHandleVerifier [0x7ff62859cc49+3296f9]
	chromedriver!GetHandleVerifier [0x7ff628597375+323e25]
	chromedriver!GetHandleVerifier [0x7ff6285bbc82+348732]
	chromedriver!GetHandleVerifier [0x7ff6282a6045+32af5]
	chromedriver!GetHandleVerifier [0x7ff6282aecec+3b79c]
	chromedriver!GetHandleVerifier [0x7ff628291bc4+1e674]
	chromedriver!GetHandleVerifier [0x7ff628291d54+1e804]
	chromedriver!GetHandleVerifier [0x7ff6282760e7+2b97]
	KERNEL32!BaseThreadInitThunk [0x7ffa180de957+17]
	ntdll!RtlUserThreadStart [0x7ffa1920427c+2c]

2026-06-08 15:13:51,735 [INFO] crawler - 키워드 검색: 3D콘텐츠
2026-06-08 15:14:07,201 [ERROR] crawler - [3D콘텐츠] 검색 오류: Message: 
Stacktrace:
	chromedriver!GetHandleVerifier [0x7ff628287de5+14895]
	chromedriver!GetHandleVerifier [0x7ff628287e50+14900]
	chromedriver!(No symbol) [0x7ff627fed5ad]
	chromedriver!(No symbol) [0x7ff628047822]
	chromedriver!(No symbol) [0x7ff628047b2c]
	chromedriver!(No symbol) [0x7ff628097d17]
	chromedriver!(No symbol) [0x7ff62809486f]
	chromedriver!(No symbol) [0x7ff628039df8]
	chromedriver!(No symbol) [0x7ff62803ace3]
	chromedriver!GetHandleVerifier [0x7ff62859cc49+3296f9]
	chromedriver!GetHandleVerifier [0x7ff628597375+323e25]
	chromedriver!GetHandleVerifier [0x7ff6285bbc82+348732]
	chromedriver!GetHandleVerifier [0x7ff6282a6045+32af5]
	chromedriver!GetHandleVerifier [0x7ff6282aecec+3b79c]
	chromedriver!GetHandleVerifier [0x7ff628291bc4+1e674]
	chromedriver!GetHandleVerifier [0x7ff628291d54+1e804]
	chromedriver!GetHandleVerifier [0x7ff6282760e7+2b97]
	KERNEL32!BaseThreadInitThunk [0x7ffa180de957+17]
	ntdll!RtlUserThreadStart [0x7ffa1920427c+2c]

2026-06-08 15:14:08,202 [INFO] crawler - 키워드 검색: 디지털콘텐츠
2026-06-08 15:14:23,509 [ERROR] crawler - [디지털콘텐츠] 검색 오류: Message: 
Stacktrace:
	chromedriver!GetHandleVerifier [0x7ff628287de5+14895]
	chromedriver!GetHandleVerifier [0x7ff628287e50+14900]
	chromedriver!(No symbol) [0x7ff627fed5ad]
	chromedriver!(No symbol) [0x7ff628047822]
	chromedriver!(No symbol) [0x7ff628047b2c]
	chromedriver!(No symbol) [0x7ff628097d17]
	chromedriver!(No symbol) [0x7ff62809486f]
	chromedriver!(No symbol) [0x7ff628039df8]
	chromedriver!(No symbol) [0x7ff62803ace3]
	chromedriver!GetHandleVerifier [0x7ff62859cc49+3296f9]
	chromedriver!GetHandleVerifier [0x7ff628597375+323e25]
	chromedriver!GetHandleVerifier [0x7ff6285bbc82+348732]
	chromedriver!GetHandleVerifier [0x7ff6282a6045+32af5]
	chromedriver!GetHandleVerifier [0x7ff6282aecec+3b79c]
	chromedriver!GetHandleVerifier [0x7ff628291bc4+1e674]
	chromedriver!GetHandleVerifier [0x7ff628291d54+1e804]
	chromedriver!GetHandleVerifier [0x7ff6282760e7+2b97]
	KERNEL32!BaseThreadInitThunk [0x7ffa180de957+17]
	ntdll!RtlUserThreadStart [0x7ffa1920427c+2c]

2026-06-08 15:14:26,639 [INFO] crawler - 총 0개 공고 수집 완료
2026-06-08 15:14:26,639 [INFO] __main__ - 검색된 공고가 없습니다.
2026-06-08 16:20:23,048 [INFO] __main__ - === 나라장터 모니터링 시작: 2026-06-08 16:20 ===
2026-06-08 16:20:23,048 [INFO] __main__ - 📡 나라장터 크롤링 시작...
2026-06-08 16:20:24,682 [INFO] crawler - 나라장터 접속 중...
2026-06-08 16:20:52,194 [INFO] crawler - 팝업 처리 완료
2026-06-08 16:20:52,195 [INFO] crawler - 입찰공고목록 이동 중...
2026-06-08 16:20:59,270 [INFO] crawler - ✅ 입찰공고목록 진입 성공 (메뉴 클릭)
2026-06-08 16:20:59,270 [INFO] crawler - 총 13개 키워드 검색 시작
2026-06-08 16:20:59,271 [INFO] crawler - [1/13] 'VR' 검색...
2026-06-08 16:22:24,555 [WARNING] crawler -   [VR] 20초 대기 후 결과 미변화
2026-06-08 16:22:26,033 [INFO] crawler - [VR] 8건 파싱
2026-06-08 16:22:28,034 [INFO] crawler - [2/13] 'XR' 검색...
2026-06-08 16:23:53,614 [WARNING] crawler -   [XR] 20초 대기 후 결과 미변화
2026-06-08 16:23:54,995 [INFO] crawler - [XR] 9건 파싱
2026-06-08 16:23:56,996 [INFO] crawler - [3/13] 'AR' 검색...
2026-06-08 16:25:22,603 [WARNING] crawler -   [AR] 20초 대기 후 결과 미변화
2026-06-08 16:25:23,925 [INFO] crawler - [AR] 9건 파싱
2026-06-08 16:25:25,927 [INFO] crawler - [4/13] '실감형' 검색...
2026-06-08 16:26:51,631 [WARNING] crawler -   [실감형] 20초 대기 후 결과 미변화
2026-06-08 16:26:52,946 [INFO] crawler - [실감형] 9건 파싱
2026-06-08 16:26:54,948 [INFO] crawler - [5/13] '메타버스' 검색...
2026-06-08 16:28:20,336 [WARNING] crawler -   [메타버스] 20초 대기 후 결과 미변화
2026-06-08 16:28:21,720 [INFO] crawler - [메타버스] 9건 파싱
2026-06-08 16:28:23,721 [INFO] crawler - [6/13] '확장현실' 검색...
2026-06-08 16:29:49,259 [WARNING] crawler -   [확장현실] 20초 대기 후 결과 미변화
2026-06-08 16:29:50,638 [INFO] crawler - [확장현실] 9건 파싱
2026-06-08 16:29:52,639 [INFO] crawler - [7/13] '가상현실' 검색...
2026-06-08 16:31:18,438 [WARNING] crawler -   [가상현실] 20초 대기 후 결과 미변화
2026-06-08 16:31:19,788 [INFO] crawler - [가상현실] 9건 파싱
2026-06-08 16:31:21,789 [INFO] crawler - [8/13] '혼합현실' 검색...
2026-06-08 16:32:47,711 [WARNING] crawler -   [혼합현실] 20초 대기 후 결과 미변화
2026-06-08 16:32:49,224 [INFO] crawler - [혼합현실] 8건 파싱
2026-06-08 16:32:51,225 [INFO] crawler - [9/13] '디지털트윈' 검색...
2026-06-08 16:34:16,572 [WARNING] crawler -   [디지털트윈] 20초 대기 후 결과 미변화
2026-06-08 16:34:17,910 [INFO] crawler - [디지털트윈] 9건 파싱
2026-06-08 16:34:19,911 [INFO] crawler - [10/13] '실감미디어' 검색...
2026-06-08 16:35:45,341 [WARNING] crawler -   [실감미디어] 20초 대기 후 결과 미변화
2026-06-08 16:35:46,689 [INFO] crawler - [실감미디어] 9건 파싱
2026-06-08 16:35:48,690 [INFO] crawler - [11/13] '몰입형' 검색...
2026-06-08 16:37:13,900 [WARNING] crawler -   [몰입형] 20초 대기 후 결과 미변화
2026-06-08 16:37:15,422 [INFO] crawler - [몰입형] 7건 파싱
2026-06-08 16:37:17,424 [INFO] crawler - [12/13] '3D콘텐츠' 검색...
2026-06-08 16:38:42,840 [WARNING] crawler -   [3D콘텐츠] 20초 대기 후 결과 미변화
2026-06-08 16:38:44,284 [INFO] crawler - [3D콘텐츠] 9건 파싱
2026-06-08 16:38:46,285 [INFO] crawler - [13/13] '디지털콘텐츠' 검색...
2026-06-08 16:40:11,739 [WARNING] crawler -   [디지털콘텐츠] 20초 대기 후 결과 미변화
2026-06-08 16:40:13,056 [INFO] crawler - [디지털콘텐츠] 9건 파싱
2026-06-08 16:40:15,057 [INFO] crawler - 총 91개 고유 공고 수집
2026-06-08 16:40:15,059 [INFO] crawler - 상세 조회: 반송(정) 전폴리아민 주입설비 제조구매설치...
2026-06-08 16:40:21,242 [INFO] crawler - 상세 조회: 귀래면 귀래리 800번지 일원 수로 정비공사...
2026-06-08 16:40:27,453 [INFO] crawler - 상세 조회: 호텔 가은 조성사업 실시설계용역(설계공모)...
2026-06-08 16:40:33,716 [INFO] crawler - 상세 조회: 제72회 백제문화제 웅진백제별빛정원 연출 및 운영 대행...
2026-06-08 16:40:39,902 [INFO] crawler - 상세 조회: 남항초등학교 외벽마감재교체공사 감리용역...
2026-06-08 16:40:46,041 [INFO] crawler - 상세 조회: 2026년 3·15해양누리공원 물놀이장 운영 용역...
2026-06-08 16:40:52,268 [INFO] crawler - 상세 조회: 엘림믿음의집 2026년 하반기 식자재 납품업체 선정 입...
2026-06-08 16:40:58,455 [INFO] crawler - 상세 조회: 보라동 리틀야구장 시설개선공사...
2026-06-08 16:41:04,656 [INFO] crawler - 상세 조회: 태안군 내3리마을 LPG배관망 구축사업 시설공사...
2026-06-08 16:41:10,831 [INFO] crawler - 상세 조회: 충남대학교 정문 진입도로 확장공사...
2026-06-08 16:41:19,170 [INFO] __main__ - 📋 분석할 공고 수: 20건
2026-06-08 16:41:19,171 [INFO] __main__ - 🤖 AI 분석 중 [1/20]: 반송(정) 전폴리아민 주입설비 제조구매설치...
2026-06-08 16:41:19,654 [ERROR] analyzer - AI 분석 오류: "Could not resolve authentication method. Expected one of api_key, auth_token, or credentials to be set. Or for one of the `X-Api-Key` or `Authorization` headers to be explicitly omitted"
2026-06-08 16:41:19,654 [INFO] __main__ - ❌ 부적격 공고 (점수: 0/10): 반송(정) 전폴리아민 주입설비 제조구매설치
2026-06-08 16:41:19,654 [INFO] __main__ - 🤖 AI 분석 중 [2/20]: 귀래면 귀래리 800번지 일원 수로 정비공사...
2026-06-08 16:41:19,806 [ERROR] analyzer - AI 분석 오류: "Could not resolve authentication method. Expected one of api_key, auth_token, or credentials to be set. Or for one of the `X-Api-Key` or `Authorization` headers to be explicitly omitted"
2026-06-08 16:41:19,806 [INFO] __main__ - ❌ 부적격 공고 (점수: 0/10): 귀래면 귀래리 800번지 일원 수로 정비공사
2026-06-08 16:41:19,806 [INFO] __main__ - 🤖 AI 분석 중 [3/20]: 호텔 가은 조성사업 실시설계용역(설계공모)...
2026-06-08 16:41:19,976 [ERROR] analyzer - AI 분석 오류: "Could not resolve authentication method. Expected one of api_key, auth_token, or credentials to be set. Or for one of the `X-Api-Key` or `Authorization` headers to be explicitly omitted"
2026-06-08 16:41:19,976 [INFO] __main__ - ❌ 부적격 공고 (점수: 0/10): 호텔 가은 조성사업 실시설계용역(설계공모)
2026-06-08 16:41:19,977 [INFO] __main__ - 🤖 AI 분석 중 [4/20]: 제72회 백제문화제 웅진백제별빛정원 연출 및 운영 대행...
2026-06-08 16:41:20,139 [ERROR] analyzer - AI 분석 오류: "Could not resolve authentication method. Expected one of api_key, auth_token, or credentials to be set. Or for one of the `X-Api-Key` or `Authorization` headers to be explicitly omitted"
2026-06-08 16:41:20,140 [INFO] __main__ - ❌ 부적격 공고 (점수: 0/10): 제72회 백제문화제 웅진백제별빛정원 연출 및 운영 대행
2026-06-08 16:41:20,140 [INFO] __main__ - 🤖 AI 분석 중 [5/20]: 남항초등학교 외벽마감재교체공사 감리용역...
2026-06-08 16:41:20,300 [ERROR] analyzer - AI 분석 오류: "Could not resolve authentication method. Expected one of api_key, auth_token, or credentials to be set. Or for one of the `X-Api-Key` or `Authorization` headers to be explicitly omitted"
2026-06-08 16:41:20,300 [INFO] __main__ - ❌ 부적격 공고 (점수: 0/10): 남항초등학교 외벽마감재교체공사 감리용역
2026-06-08 16:41:20,300 [INFO] __main__ - 🤖 AI 분석 중 [6/20]: 2026년 3·15해양누리공원 물놀이장 운영 용역...
2026-06-08 16:41:20,457 [ERROR] analyzer - AI 분석 오류: "Could not resolve authentication method. Expected one of api_key, auth_token, or credentials to be set. Or for one of the `X-Api-Key` or `Authorization` headers to be explicitly omitted"
2026-06-08 16:41:20,457 [INFO] __main__ - ❌ 부적격 공고 (점수: 0/10): 2026년 3·15해양누리공원 물놀이장 운영 용역
2026-06-08 16:41:20,458 [INFO] __main__ - 🤖 AI 분석 중 [7/20]: 엘림믿음의집 2026년 하반기 식자재 납품업체 선정 입...
2026-06-08 16:41:20,624 [ERROR] analyzer - AI 분석 오류: "Could not resolve authentication method. Expected one of api_key, auth_token, or credentials to be set. Or for one of the `X-Api-Key` or `Authorization` headers to be explicitly omitted"
2026-06-08 16:41:20,625 [INFO] __main__ - ❌ 부적격 공고 (점수: 0/10): 엘림믿음의집 2026년 하반기 식자재 납품업체 선정 입
2026-06-08 16:41:20,625 [INFO] __main__ - 🤖 AI 분석 중 [8/20]: 보라동 리틀야구장 시설개선공사...
2026-06-08 16:41:20,771 [ERROR] analyzer - AI 분석 오류: "Could not resolve authentication method. Expected one of api_key, auth_token, or credentials to be set. Or for one of the `X-Api-Key` or `Authorization` headers to be explicitly omitted"
2026-06-08 16:41:20,771 [INFO] __main__ - ❌ 부적격 공고 (점수: 0/10): 보라동 리틀야구장 시설개선공사
2026-06-08 16:41:20,772 [INFO] __main__ - 🤖 AI 분석 중 [9/20]: 태안군 내3리마을 LPG배관망 구축사업 시설공사...
2026-06-08 16:41:20,927 [ERROR] analyzer - AI 분석 오류: "Could not resolve authentication method. Expected one of api_key, auth_token, or credentials to be set. Or for one of the `X-Api-Key` or `Authorization` headers to be explicitly omitted"
2026-06-08 16:41:20,928 [INFO] __main__ - ❌ 부적격 공고 (점수: 0/10): 태안군 내3리마을 LPG배관망 구축사업 시설공사
2026-06-08 16:41:20,928 [INFO] __main__ - 🤖 AI 분석 중 [10/20]: 충남대학교 정문 진입도로 확장공사...
2026-06-08 16:41:21,075 [ERROR] analyzer - AI 분석 오류: "Could not resolve authentication method. Expected one of api_key, auth_token, or credentials to be set. Or for one of the `X-Api-Key` or `Authorization` headers to be explicitly omitted"
2026-06-08 16:41:21,075 [INFO] __main__ - ❌ 부적격 공고 (점수: 0/10): 충남대학교 정문 진입도로 확장공사
2026-06-08 16:41:21,075 [INFO] __main__ - 🤖 AI 분석 중 [11/20]: 2025학년도 상록고등학교 2학년 주제별 체험학습 위탁...
2026-06-08 16:41:21,251 [ERROR] analyzer - AI 분석 오류: "Could not resolve authentication method. Expected one of api_key, auth_token, or credentials to be set. Or for one of the `X-Api-Key` or `Authorization` headers to be explicitly omitted"
2026-06-08 16:41:21,251 [INFO] __main__ - ❌ 부적격 공고 (점수: 0/10): 2025학년도 상록고등학교 2학년 주제별 체험학습 위탁
2026-06-08 16:41:21,251 [INFO] __main__ - 🤖 AI 분석 중 [12/20]: 2026년 임도보수사업...
2026-06-08 16:41:21,427 [ERROR] analyzer - AI 분석 오류: "Could not resolve authentication method. Expected one of api_key, auth_token, or credentials to be set. Or for one of the `X-Api-Key` or `Authorization` headers to be explicitly omitted"
2026-06-08 16:41:21,427 [INFO] __main__ - ❌ 부적격 공고 (점수: 0/10): 2026년 임도보수사업
2026-06-08 16:41:21,427 [INFO] __main__ - 🤖 AI 분석 중 [13/20]: 고운중학교 외부환경개선공사 폐기물처리용역...
2026-06-08 16:41:21,605 [ERROR] analyzer - AI 분석 오류: "Could not resolve authentication method. Expected one of api_key, auth_token, or credentials to be set. Or for one of the `X-Api-Key` or `Authorization` headers to be explicitly omitted"
2026-06-08 16:41:21,605 [INFO] __main__ - ❌ 부적격 공고 (점수: 0/10): 고운중학교 외부환경개선공사 폐기물처리용역
2026-06-08 16:41:21,606 [INFO] __main__ - 🤖 AI 분석 중 [14/20]: [대학혁신]서경대학교 교육·실습공간 환경개선 기자재(데...
2026-06-08 16:41:21,820 [ERROR] analyzer - AI 분석 오류: "Could not resolve authentication method. Expected one of api_key, auth_token, or credentials to be set. Or for one of the `X-Api-Key` or `Authorization` headers to be explicitly omitted"
2026-06-08 16:41:21,821 [INFO] __main__ - ❌ 부적격 공고 (점수: 0/10): [대학혁신]서경대학교 교육·실습공간 환경개선 기자재(데
2026-06-08 16:41:21,821 [INFO] __main__ - 🤖 AI 분석 중 [15/20]: 2026년 산림소득사업 사후관리 평가 연구...
2026-06-08 16:41:21,971 [ERROR] analyzer - AI 분석 오류: "Could not resolve authentication method. Expected one of api_key, auth_token, or credentials to be set. Or for one of the `X-Api-Key` or `Authorization` headers to be explicitly omitted"
2026-06-08 16:41:21,971 [INFO] __main__ - ❌ 부적격 공고 (점수: 0/10): 2026년 산림소득사업 사후관리 평가 연구
2026-06-08 16:41:21,972 [INFO] __main__ - 🤖 AI 분석 중 [16/20]: 26년 해군 커팅날 구매...
2026-06-08 16:41:22,129 [ERROR] analyzer - AI 분석 오류: "Could not resolve authentication method. Expected one of api_key, auth_token, or credentials to be set. Or for one of the `X-Api-Key` or `Authorization` headers to be explicitly omitted"
2026-06-08 16:41:22,130 [INFO] __main__ - ❌ 부적격 공고 (점수: 0/10): 26년 해군 커팅날 구매
2026-06-08 16:41:22,131 [INFO] __main__ - 🤖 AI 분석 중 [17/20]: 향토음식진흥센터 운영 마스터플랜 및 중장기 운영전략 연...
2026-06-08 16:41:22,296 [ERROR] analyzer - AI 분석 오류: "Could not resolve authentication method. Expected one of api_key, auth_token, or credentials to be set. Or for one of the `X-Api-Key` or `Authorization` headers to be explicitly omitted"
2026-06-08 16:41:22,296 [INFO] __main__ - ❌ 부적격 공고 (점수: 0/10): 향토음식진흥센터 운영 마스터플랜 및 중장기 운영전략 연
2026-06-08 16:41:22,296 [INFO] __main__ - 🤖 AI 분석 중 [18/20]: 모잠비크 테트주 독립형 태양광 마이크로그리드 구축사업 ...
2026-06-08 16:41:22,463 [ERROR] analyzer - AI 분석 오류: "Could not resolve authentication method. Expected one of api_key, auth_token, or credentials to be set. Or for one of the `X-Api-Key` or `Authorization` headers to be explicitly omitted"
2026-06-08 16:41:22,463 [INFO] __main__ - ❌ 부적격 공고 (점수: 0/10): 모잠비크 테트주 독립형 태양광 마이크로그리드 구축사업 
2026-06-08 16:41:22,464 [INFO] __main__ - 🤖 AI 분석 중 [19/20]: 잔향 수조에서의 수중 발생 소음 측정...
2026-06-08 16:41:22,614 [ERROR] analyzer - AI 분석 오류: "Could not resolve authentication method. Expected one of api_key, auth_token, or credentials to be set. Or for one of the `X-Api-Key` or `Authorization` headers to be explicitly omitted"
2026-06-08 16:41:22,615 [INFO] __main__ - ❌ 부적격 공고 (점수: 0/10): 잔향 수조에서의 수중 발생 소음 측정
2026-06-08 16:41:22,615 [INFO] __main__ - 🤖 AI 분석 중 [20/20]: 26년 해군 연마디스크 2종 구매...
2026-06-08 16:41:22,762 [ERROR] analyzer - AI 분석 오류: "Could not resolve authentication method. Expected one of api_key, auth_token, or credentials to be set. Or for one of the `X-Api-Key` or `Authorization` headers to be explicitly omitted"
2026-06-08 16:41:22,762 [INFO] __main__ - ❌ 부적격 공고 (점수: 0/10): 26년 해군 연마디스크 2종 구매
2026-06-08 16:41:22,763 [INFO] __main__ - 📊 일일 요약 전송 중...
2026-06-08 16:41:23,673 [INFO] __main__ - === 모니터링 완료. 총 20건 분석, 적격 0건 ===
2026-06-11 10:26:22,389 [INFO] __main__ - === 나라장터 모니터링 시작: 2026-06-11 10:26 ===
2026-06-11 10:26:22,389 [INFO] __main__ - 📡 나라장터 크롤링 시작...
2026-06-11 10:26:25,376 [INFO] crawler - 나라장터 접속 중...
2026-06-11 10:26:52,834 [INFO] crawler - 팝업 처리 완료
2026-06-11 10:26:52,834 [INFO] crawler - 입찰공고목록 이동 중...
2026-06-11 10:26:59,883 [INFO] crawler - ✅ 입찰공고목록 진입 성공 (메뉴 클릭)
2026-06-11 10:26:59,883 [INFO] crawler - 총 13개 키워드 검색 시작
2026-06-11 10:26:59,884 [INFO] crawler - [1/13] 'VR' 검색...
2026-06-11 10:28:25,834 [WARNING] crawler -   [VR] 20초 대기 후 결과 미변화
2026-06-11 10:28:27,229 [INFO] crawler - [VR] 8건 파싱
2026-06-11 10:28:29,233 [INFO] crawler - [2/13] 'XR' 검색...
2026-06-11 10:29:54,476 [WARNING] crawler -   [XR] 20초 대기 후 결과 미변화
2026-06-11 10:29:55,861 [INFO] crawler - [XR] 9건 파싱
2026-06-11 10:29:57,871 [INFO] crawler - [3/13] 'AR' 검색...
2026-06-11 10:31:23,268 [WARNING] crawler -   [AR] 20초 대기 후 결과 미변화
2026-06-11 10:31:24,675 [INFO] crawler - [AR] 9건 파싱
2026-06-11 10:31:26,676 [INFO] crawler - [4/13] '실감형' 검색...
2026-06-11 10:32:52,173 [WARNING] crawler -   [실감형] 20초 대기 후 결과 미변화
2026-06-11 10:32:53,539 [INFO] crawler - [실감형] 8건 파싱
2026-06-11 10:32:55,546 [INFO] crawler - [5/13] '메타버스' 검색...
2026-06-11 10:34:20,900 [WARNING] crawler -   [메타버스] 20초 대기 후 결과 미변화
2026-06-11 10:34:22,346 [INFO] crawler - [메타버스] 9건 파싱
2026-06-11 10:34:24,348 [INFO] crawler - [6/13] '확장현실' 검색...
2026-06-11 10:35:49,760 [WARNING] crawler -   [확장현실] 20초 대기 후 결과 미변화
2026-06-11 10:35:51,223 [INFO] crawler - [확장현실] 9건 파싱
2026-06-11 10:35:53,226 [INFO] crawler - [7/13] '가상현실' 검색...
